BackupNameAttachment=" Build(79) 10 Jul 20 (10 56 01)"  -- used by backup system

Log Started at Fri Jul 10 10:56:01 2020
Built on Jun 16 2020 01:44:06
Running 64 bit Windows version
Command Line: "C:\Program Files (x86)\Crytek\CRYENGINE Launcher\Crytek\CRYENGINE_5.6\bin\win_x64\Sandbox.exe" -project C:\Users\jglov\OneDrive\Documents\Development\CryEngine\BaseBlankProject\Game.cryproject
Executable: C:\Program Files (x86)\Crytek\CRYENGINE Launcher\Crytek\CRYENGINE_5.6\bin\win_x64\Sandbox.exe
FileVersion: 5.6.6.79
ProductVersion: 5.6.6.79
Loading Config file %ENGINEROOT%/system.cfg (c:\program files (x86)\crytek\cryengine launcher\crytek\cryengine_5.6\system.cfg)
[Warning] Cannot open Pak file c:\program files (x86)\crytek\cryengine launcher\crytek\cryengine_5.6\config.pak
 
con_debug=0 [  ]
con_display_last_messages=0 [  ]
con_font_size=14 [  ]
con_line_buffer_size=1000 [  ]
con_restricted=0 [ RESTRICTEDMODE ]
con_showonload=0 [  ]
 
con_debug=0 [  ]
con_display_last_messages=0 [  ]
con_font_size=14 [  ]
con_line_buffer_size=1000 [  ]
con_restricted=0 [ RESTRICTEDMODE ]
con_showonload=0 [  ]
 
con_debug=0 [  ]
 
con_debug=0 [  ]
Project BaseBlankProject
Using Project Folder C:/Users/jglov/OneDrive/Documents/Development/CryEngine/BaseBlankProject
Using Engine Folder C:\Program Files (x86)\Crytek\CRYENGINE Launcher\Crytek\CRYENGINE_5.6/
Using Asset Folder c:/users/jglov/onedrive/documents/development/cryengine/baseblankproject/assets

Total number of logical processors: 8
Number of available logical processors: 8
Total number of system cores: 4
Number of cores available to process: 4
 
Processor 0:
  CPU: AMD AMD Ryzen 5 3500U with Radeon Vega Mobile Gfx  
  Family: 15, Model: 8, Stepping: 1, FPU: On-Chip
  Features: FP16, SSE, SSE2, SSE3, SSE4.2, AVX, AVX2, FMA3
 
Processor 1:
  CPU: AMD AMD Ryzen 5 3500U with Radeon Vega Mobile Gfx  
  Family: 15, Model: 8, Stepping: 1, FPU: On-Chip
  Features: FP16, SSE, SSE2, SSE3, SSE4.2, AVX, AVX2, FMA3
 
Processor 2:
  CPU: AMD AMD Ryzen 5 3500U with Radeon Vega Mobile Gfx  
  Family: 15, Model: 8, Stepping: 1, FPU: On-Chip
  Features: FP16, SSE, SSE2, SSE3, SSE4.2, AVX, AVX2, FMA3
 
Processor 3:
  CPU: AMD AMD Ryzen 5 3500U with Radeon Vega Mobile Gfx  
  Family: 15, Model: 8, Stepping: 1, FPU: On-Chip
  Features: FP16, SSE, SSE2, SSE3, SSE4.2, AVX, AVX2, FMA3
 
<10:56:01> creating CVarGroups from directory 'assets/Config/CVarGroups' ...
<10:56:01> creating CVarGroups from directory '%ENGINE%/Config/CVarGroups' ...
<10:56:01> Loading Config file %ENGINE%/Config/CVarGroups/sys_spec_full.cfg (c:\program files (x86)\crytek\cryengine launcher\crytek\cryengine_5.6\engine\config\cvargroups\sys_spec_full.cfg)
<10:56:01> Loading Config file %ENGINE%/Config/CVarGroups/sys_spec_gameeffects.cfg (c:\program files (x86)\crytek\cryengine launcher\crytek\cryengine_5.6\engine\config\cvargroups\sys_spec_gameeffects.cfg)
<10:56:01> Loading Config file %ENGINE%/Config/CVarGroups/sys_spec_light.cfg (c:\program files (x86)\crytek\cryengine launcher\crytek\cryengine_5.6\engine\config\cvargroups\sys_spec_light.cfg)
<10:56:01> Loading Config file %ENGINE%/Config/CVarGroups/sys_spec_objectdetail.cfg (c:\program files (x86)\crytek\cryengine launcher\crytek\cryengine_5.6\engine\config\cvargroups\sys_spec_objectdetail.cfg)
<10:56:01> [Error] [CVARS]: [MISSING] [r_UseZPass] specified in console variable group [sys_spec_objectdetail] = [5], but missing from default group
<10:56:01> [Error] [CVARS]: [MISSING] [r_MeshPoolSize] specified in console variable group [sys_spec_objectdetail] = [5], but missing from default group
<10:56:01> [Error] [CVARS]: [MISSING] [r_MeshInstancePoolSize] specified in console variable group [sys_spec_objectdetail] = [5], but missing from default group
<10:56:01> [Error] [CVARS]: [MISSING] [e_StreamCgfPoolSize] specified in console variable group [sys_spec_objectdetail] = [5], but missing from default group
<10:56:01> [Error] [CVARS]: [MISSING] [e_GeomCacheBufferSize] specified in console variable group [sys_spec_objectdetail] = [5], but missing from default group
<10:56:01> [Error] [CVARS]: [MISSING] [r_UseZPass] specified in console variable group [sys_spec_objectdetail] = [6], but missing from default group
<10:56:01> [Error] [CVARS]: [MISSING] [r_MeshPoolSize] specified in console variable group [sys_spec_objectdetail] = [6], but missing from default group
<10:56:01> [Error] [CVARS]: [MISSING] [r_MeshInstancePoolSize] specified in console variable group [sys_spec_objectdetail] = [6], but missing from default group
<10:56:01> [Error] [CVARS]: [MISSING] [e_StreamCgfPoolSize] specified in console variable group [sys_spec_objectdetail] = [6], but missing from default group
<10:56:01> [Error] [CVARS]: [MISSING] [e_GeomCacheBufferSize] specified in console variable group [sys_spec_objectdetail] = [6], but missing from default group
<10:56:01> [Error] [CVARS]: [MISSING] [ca_FacialAnimationRadius] specified in console variable group [sys_spec_objectdetail] = [7], but missing from default group
<10:56:01> [Error] [CVARS]: [MISSING] [ca_StreamCHR] specified in console variable group [sys_spec_objectdetail] = [7], but missing from default group
<10:56:01> [Error] [CVARS]: [MISSING] [ca_FacialAnimationRadius] specified in console variable group [sys_spec_objectdetail] = [8], but missing from default group
<10:56:01> [Error] [CVARS]: [MISSING] [ca_StreamCHR] specified in console variable group [sys_spec_objectdetail] = [8], but missing from default group
<10:56:01> Loading Config file %ENGINE%/Config/CVarGroups/sys_spec_particles.cfg (c:\program files (x86)\crytek\cryengine launcher\crytek\cryengine_5.6\engine\config\cvargroups\sys_spec_particles.cfg)
<10:56:01> [Error] [CVARS]: [MISSING] [e_ParticlesPoolSize] specified in console variable group [sys_spec_particles] = [5], but missing from default group
<10:56:01> [Error] [CVARS]: [MISSING] [e_ParticlesVertexPoolSize] specified in console variable group [sys_spec_particles] = [5], but missing from default group
<10:56:01> [Error] [CVARS]: [MISSING] [e_ParticlesPoolSize] specified in console variable group [sys_spec_particles] = [6], but missing from default group
<10:56:01> [Error] [CVARS]: [MISSING] [e_ParticlesVertexPoolSize] specified in console variable group [sys_spec_particles] = [6], but missing from default group
<10:56:01> Loading Config file %ENGINE%/Config/CVarGroups/sys_spec_physics.cfg (c:\program files (x86)\crytek\cryengine launcher\crytek\cryengine_5.6\engine\config\cvargroups\sys_spec_physics.cfg)
<10:56:01> [Error] [CVARS]: [MISSING] [p_num_threads] specified in console variable group [sys_spec_physics] = [7], but missing from default group
<10:56:01> [Error] [CVARS]: [MISSING] [p_num_threads] specified in console variable group [sys_spec_physics] = [8], but missing from default group
<10:56:01> Loading Config file %ENGINE%/Config/CVarGroups/sys_spec_postprocessing.cfg (c:\program files (x86)\crytek\cryengine launcher\crytek\cryengine_5.6\engine\config\cvargroups\sys_spec_postprocessing.cfg)
<10:56:01> [Error] [CVARS]: [MISSING] [r_HDRBloomQuality] specified in console variable group [sys_spec_postprocessing] = [5], but missing from default group
<10:56:01> [Error] [CVARS]: [MISSING] [r_FlareHQShafts] specified in console variable group [sys_spec_postprocessing] = [5], but missing from default group
<10:56:01> [Error] [CVARS]: [MISSING] [r_AntiAliasingMode] specified in console variable group [sys_spec_postprocessing] = [5], but missing from default group
<10:56:01> [Error] [CVARS]: [MISSING] [r_HDRBloomQuality] specified in console variable group [sys_spec_postprocessing] = [6], but missing from default group
<10:56:01> [Error] [CVARS]: [MISSING] [r_FlareHQShafts] specified in console variable group [sys_spec_postprocessing] = [6], but missing from default group
<10:56:01> [Error] [CVARS]: [MISSING] [r_AntiAliasingMode] specified in console variable group [sys_spec_postprocessing] = [6], but missing from default group
<10:56:01> [Error] [CVARS]: [MISSING] [r_HDRBloomQuality] specified in console variable group [sys_spec_postprocessing] = [7], but missing from default group
<10:56:01> [Error] [CVARS]: [MISSING] [r_FlareHQShafts] specified in console variable group [sys_spec_postprocessing] = [7], but missing from default group
<10:56:01> [Error] [CVARS]: [MISSING] [r_HDRBloomQuality] specified in console variable group [sys_spec_postprocessing] = [8], but missing from default group
<10:56:01> [Error] [CVARS]: [MISSING] [r_FlareHQShafts] specified in console variable group [sys_spec_postprocessing] = [8], but missing from default group
<10:56:01> [Error] [CVARS]: [MISSING] [r_AntiAliasingMode] specified in console variable group [sys_spec_postprocessing] = [8], but missing from default group
<10:56:01> Loading Config file %ENGINE%/Config/CVarGroups/sys_spec_quality.cfg (c:\program files (x86)\crytek\cryengine launcher\crytek\cryengine_5.6\engine\config\cvargroups\sys_spec_quality.cfg)
<10:56:01> Loading Config file %ENGINE%/Config/CVarGroups/sys_spec_shading.cfg (c:\program files (x86)\crytek\cryengine launcher\crytek\cryengine_5.6\engine\config\cvargroups\sys_spec_shading.cfg)
<10:56:01> [Error] [CVARS]: [MISSING] [r_SSDO] specified in console variable group [sys_spec_shading] = [5], but missing from default group
<10:56:01> [Error] [CVARS]: [MISSING] [r_SSDOColorBleeding] specified in console variable group [sys_spec_shading] = [5], but missing from default group
<10:56:01> [Error] [CVARS]: [MISSING] [r_volumetricfogtexdepth] specified in console variable group [sys_spec_shading] = [5], but missing from default group
<10:56:01> [Error] [CVARS]: [MISSING] [r_volumetricfogtexscale] specified in console variable group [sys_spec_shading] = [5], but missing from default group
<10:56:01> [Error] [CVARS]: [MISSING] [r_DeferredShadingTiled] specified in console variable group [sys_spec_shading] = [5], but missing from default group
<10:56:01> [Error] [CVARS]: [MISSING] [e_svoTI_NumStreamingThreads] specified in console variable group [sys_spec_shading] = [5], but missing from default group
<10:56:01> [Error] [CVARS]: [MISSING] [r_SSDO] specified in console variable group [sys_spec_shading] = [6], but missing from default group
<10:56:01> [Error] [CVARS]: [MISSING] [r_volumetricfogtexdepth] specified in console variable group [sys_spec_shading] = [6], but missing from default group
<10:56:01> [Error] [CVARS]: [MISSING] [r_volumetricfogtexscale] specified in console variable group [sys_spec_shading] = [6], but missing from default group
<10:56:01> [Error] [CVARS]: [MISSING] [r_DeferredShadingTiled] specified in console variable group [sys_spec_shading] = [6], but missing from default group
<10:56:01> [Error] [CVARS]: [MISSING] [e_svoTI_NumStreamingThreads] specified in console variable group [sys_spec_shading] = [6], but missing from default group
<10:56:01> [Error] [CVARS]: [MISSING] [r_SSDO] specified in console variable group [sys_spec_shading] = [7], but missing from default group
<10:56:01> [Error] [CVARS]: [MISSING] [r_volumetricfogtexdepth] specified in console variable group [sys_spec_shading] = [7], but missing from default group
<10:56:01> [Error] [CVARS]: [MISSING] [r_volumetricfogtexscale] specified in console variable group [sys_spec_shading] = [7], but missing from default group
<10:56:01> [Error] [CVARS]: [MISSING] [e_svoTI_NumStreamingThreads] specified in console variable group [sys_spec_shading] = [7], but missing from default group
<10:56:01> [Error] [CVARS]: [MISSING] [r_SSDO] specified in console variable group [sys_spec_shading] = [8], but missing from default group
<10:56:01> [Error] [CVARS]: [MISSING] [r_volumetricfogtexdepth] specified in console variable group [sys_spec_shading] = [8], but missing from default group
<10:56:01> [Error] [CVARS]: [MISSING] [r_volumetricfogtexscale] specified in console variable group [sys_spec_shading] = [8], but missing from default group
<10:56:01> [Error] [CVARS]: [MISSING] [e_svoTI_NumStreamingThreads] specified in console variable group [sys_spec_shading] = [8], but missing from default group
<10:56:01> Loading Config file %ENGINE%/Config/CVarGroups/sys_spec_shadows.cfg (c:\program files (x86)\crytek\cryengine launcher\crytek\cryengine_5.6\engine\config\cvargroups\sys_spec_shadows.cfg)
<10:56:01> [Error] [CVARS]: [MISSING] [q_ShaderShadow] specified in console variable group [sys_spec_shadows] = [5], but missing from default group
<10:56:01> [Error] [CVARS]: [MISSING] [r_ShadowsScreenSpace] specified in console variable group [sys_spec_shadows] = [5], but missing from default group
<10:56:01> [Error] [CVARS]: [MISSING] [e_ShadowsClouds] specified in console variable group [sys_spec_shadows] = [5], but missing from default group
<10:56:01> [Error] [CVARS]: [MISSING] [r_ShadowTexFormat] specified in console variable group [sys_spec_shadows] = [5], but missing from default group
<10:56:01> [Error] [CVARS]: [MISSING] [q_ShaderShadow] specified in console variable group [sys_spec_shadows] = [6], but missing from default group
<10:56:01> [Error] [CVARS]: [MISSING] [r_ShadowsScreenSpace] specified in console variable group [sys_spec_shadows] = [6], but missing from default group
<10:56:01> [Error] [CVARS]: [MISSING] [e_ShadowsClouds] specified in console variable group [sys_spec_shadows] = [6], but missing from default group
<10:56:01> [Error] [CVARS]: [MISSING] [r_ShadowTexFormat] specified in console variable group [sys_spec_shadows] = [6], but missing from default group
<10:56:01> [Error] [CVARS]: [MISSING] [q_ShaderShadow] specified in console variable group [sys_spec_shadows] = [7], but missing from default group
<10:56:01> [Error] [CVARS]: [MISSING] [r_ShadowsScreenSpace] specified in console variable group [sys_spec_shadows] = [7], but missing from default group
<10:56:01> [Error] [CVARS]: [MISSING] [e_ShadowsClouds] specified in console variable group [sys_spec_shadows] = [7], but missing from default group
<10:56:01> [Error] [CVARS]: [MISSING] [r_ShadowsStaticMap] specified in console variable group [sys_spec_shadows] = [7], but missing from default group
<10:56:01> [Error] [CVARS]: [MISSING] [q_ShaderShadow] specified in console variable group [sys_spec_shadows] = [8], but missing from default group
<10:56:01> [Error] [CVARS]: [MISSING] [r_ShadowsScreenSpace] specified in console variable group [sys_spec_shadows] = [8], but missing from default group
<10:56:01> [Error] [CVARS]: [MISSING] [e_ShadowsClouds] specified in console variable group [sys_spec_shadows] = [8], but missing from default group
<10:56:01> [Error] [CVARS]: [MISSING] [r_ShadowsStaticMap] specified in console variable group [sys_spec_shadows] = [8], but missing from default group
<10:56:01> Loading Config file %ENGINE%/Config/CVarGroups/sys_spec_sound.cfg (c:\program files (x86)\crytek\cryengine launcher\crytek\cryengine_5.6\engine\config\cvargroups\sys_spec_sound.cfg)
<10:56:01> Loading Config file %ENGINE%/Config/CVarGroups/sys_spec_texture.cfg (c:\program files (x86)\crytek\cryengine launcher\crytek\cryengine_5.6\engine\config\cvargroups\sys_spec_texture.cfg)
<10:56:01> [Error] [CVARS]: [MISSING] [r_texturesstreaming] specified in console variable group [sys_spec_texture] = [5], but missing from default group
<10:56:01> [Error] [CVARS]: [MISSING] [r_texturesstreampooldefragmentation] specified in console variable group [sys_spec_texture] = [5], but missing from default group
<10:56:01> [Error] [CVARS]: [MISSING] [r_buffer_banksize] specified in console variable group [sys_spec_texture] = [5], but missing from default group
<10:56:01> [Error] [CVARS]: [MISSING] [r_buffer_pool_defrag_static] specified in console variable group [sys_spec_texture] = [5], but missing from default group
<10:56:01> [Error] [CVARS]: [MISSING] [r_buffer_pool_defrag_dynamic] specified in console variable group [sys_spec_texture] = [5], but missing from default group
<10:56:01> [Error] [CVARS]: [MISSING] [r_buffer_pool_defrag_max_moves] specified in console variable group [sys_spec_texture] = [5], but missing from default group
<10:56:01> [Error] [CVARS]: [MISSING] [r_TexturesstreamingMinUsableMips] specified in console variable group [sys_spec_texture] = [5], but missing from default group
<10:56:01> [Error] [CVARS]: [MISSING] [r_TexturesStreamingSkipMips] specified in console variable group [sys_spec_texture] = [5], but missing from default group
<10:56:01> [Error] [CVARS]: [MISSING] [r_TexturesStreamPoolSize] specified in console variable group [sys_spec_texture] = [5], but missing from default group
<10:56:01> [Error] [CVARS]: [MISSING] [r_texturesstreaming] specified in console variable group [sys_spec_texture] = [6], but missing from default group
<10:56:01> [Error] [CVARS]: [MISSING] [r_texturesstreampooldefragmentation] specified in console variable group [sys_spec_texture] = [6], but missing from default group
<10:56:01> [Error] [CVARS]: [MISSING] [r_buffer_banksize] specified in console variable group [sys_spec_texture] = [6], but missing from default group
<10:56:01> [Error] [CVARS]: [MISSING] [r_buffer_pool_defrag_static] specified in console variable group [sys_spec_texture] = [6], but missing from default group
<10:56:01> [Error] [CVARS]: [MISSING] [r_buffer_pool_defrag_dynamic] specified in console variable group [sys_spec_texture] = [6], but missing from default group
<10:56:01> [Error] [CVARS]: [MISSING] [r_buffer_pool_defrag_max_moves] specified in console variable group [sys_spec_texture] = [6], but missing from default group
<10:56:01> [Error] [CVARS]: [MISSING] [r_TexturesstreamingMinUsableMips] specified in console variable group [sys_spec_texture] = [6], but missing from default group
<10:56:01> [Error] [CVARS]: [MISSING] [r_TexturesStreamingSkipMips] specified in console variable group [sys_spec_texture] = [6], but missing from default group
<10:56:01> [Error] [CVARS]: [MISSING] [r_TexturesStreamPoolSize] specified in console variable group [sys_spec_texture] = [6], but missing from default group
<10:56:01> [Error] [CVARS]: [MISSING] [r_texturesstreaming] specified in console variable group [sys_spec_texture] = [7], but missing from default group
<10:56:01> [Error] [CVARS]: [MISSING] [r_TexturesstreamingMinUsableMips] specified in console variable group [sys_spec_texture] = [7], but missing from default group
<10:56:01> [Error] [CVARS]: [MISSING] [r_TexturesStreamingSkipMips] specified in console variable group [sys_spec_texture] = [7], but missing from default group
<10:56:01> [Error] [CVARS]: [MISSING] [r_TexturesStreamPoolSize] specified in console variable group [sys_spec_texture] = [7], but missing from default group
<10:56:01> [Error] [CVARS]: [MISSING] [r_texturesstreaming] specified in console variable group [sys_spec_texture] = [8], but missing from default group
<10:56:01> [Error] [CVARS]: [MISSING] [r_TexturesstreamingMinUsableMips] specified in console variable group [sys_spec_texture] = [8], but missing from default group
<10:56:01> [Error] [CVARS]: [MISSING] [r_TexturesStreamingSkipMips] specified in console variable group [sys_spec_texture] = [8], but missing from default group
<10:56:01> [Error] [CVARS]: [MISSING] [r_TexturesStreamPoolSize] specified in console variable group [sys_spec_texture] = [8], but missing from default group
<10:56:01> Loading Config file %ENGINE%/Config/CVarGroups/sys_spec_textureresolution.cfg (c:\program files (x86)\crytek\cryengine launcher\crytek\cryengine_5.6\engine\config\cvargroups\sys_spec_textureresolution.cfg)
<10:56:01> Loading Config file %ENGINE%/Config/CVarGroups/sys_spec_volumetriceffects.cfg (c:\program files (x86)\crytek\cryengine launcher\crytek\cryengine_5.6\engine\config\cvargroups\sys_spec_volumetriceffects.cfg)
<10:56:01> Loading Config file %ENGINE%/Config/CVarGroups/sys_spec_water.cfg (c:\program files (x86)\crytek\cryengine launcher\crytek\cryengine_5.6\engine\config\cvargroups\sys_spec_water.cfg)
<10:56:01> <ThreadConfigInfo>: Thread profile loaded: "pc_Common" (%engine%/config/engine_core.thread_config)  
<10:56:01> <ThreadConfigInfo>: Thread profile loaded: "pc_8" (%engine%/config/engine_core.thread_config)  
<10:56:01> <ThreadConfigInfo>: Thread profile loaded: "pc_Common" (%engine%/config/engine_sandbox.thread_config)  
<10:56:01> <ThreadConfigInfo>: Thread profile loaded: "pc_8" (%engine%/config/engine_sandbox.thread_config)  
<10:56:01> UDR initialization
<10:56:01> Loading Module CryUDR.dll...
<10:56:01> Initializing CryUDR done, MemUsage=328Kb
<10:56:01> Windows 10 64 bit (build 10.0.19041)
<10:56:01> User name: "jglov"
<10:56:01> System language: English
<10:56:01> Windows Directory: "C:\WINDOWS"
<10:56:01> Local time is 10:56:01 07/10/20, system running for 1919 minutes
<10:56:01> 10179MB physical memory installed, 3884MB available, 134217727MB virtual memory installed, 61 percent of memory in use
<10:56:01> PageFile usage: 65MB, Working Set: 71MB, Peak PageFile usage: 65MB,
<10:56:01> Current display mode is 1920x1080x32, (Unknown graphics card)
<10:56:01> IBM enhanced (101/102-key) keyboard and 5+ button mouse installed
<10:56:01> --------------------------------------------------------------------------------
<10:56:01> Stream Engine Initialization
<10:56:01> BuildTime: Jun 16 2020 01:44:06
<10:56:01> Physics initialization
<10:56:01> Loading Module CryPhysics.dll...
<10:56:01> Initializing CryPhysics done, MemUsage=1840Kb
<10:56:01> [Warning] Cannot open Pak file assets\localization\english_xml.pak
<10:56:01> Localized language content(english) not available or modified from the original installation.
<10:56:01> [Warning] Cannot open Pak file assets\localization\english.pak
<10:56:01> Localized language content(english) not available or modified from the original installation.
<10:56:01> [Warning] Cannot open Pak file assets\localization\english.pak
<10:56:01> Localized language content(english) not available or modified from the original installation.
<10:56:01> [Error] <Localization> No localization files found!
<10:56:01> <Audio>: AudioSystem initialization
<10:56:01> Loading Module CryAudioSystem.dll...
<10:56:02> <Audio>: CryAudioImplSDLMixer loaded
<10:56:02> Initializing CryAudioSystem done, MemUsage=2956Kb
<10:56:02> C# Backend initialization
<10:56:02> Loading Module CryMonoBridge.dll...
<10:56:02> Initializing CryMonoBridge done, MemUsage=648Kb
<10:56:02> Loading plug-in CryDefaultEntities
<10:56:02> Loading plug-in CrySensorSystem
<10:56:02> Loading plug-in CryPerceptionSystem
<10:56:02> Loading plug-in Game
<10:56:02> Initializing .NET/Mono...
<10:56:02> [Mono] Debugger server active on port: 17615 and suspended is set to n
<10:56:02> .NET/Mono Initialization done.
<10:56:02> [Warning] Unable to load cursor from texture file. Path %ENGINE%/EngineAssets/Textures/Cursor_Green.dds
<10:56:02> Initialized hardware mouse (game is allowed to confine mouse to window)
<10:56:02> Renderer initialization
<10:56:02> Logging video adapters:
<10:56:02> - AMD Radeon(TM) Vega 8 Graphics (vendor = 0x1002, device = 0x15d8)
<10:56:02>   - Adapter index: 0
<10:56:02>   - Dedicated video memory: 2032 MB
<10:56:02>   - Feature level: D3D 11_1 (SM 5.x)
<10:56:02>   - Displays connected: yes
<10:56:02>   - Suitable rendering device: yes
<10:56:02> - Microsoft Basic Render Driver (vendor = 0x1414, device = 0x008c)
<10:56:02>   - Adapter index: 1
<10:56:02>   - Dedicated video memory: 0 MB
<10:56:02>   - Feature level: D3D 11_1 (SM 5.x)
<10:56:02>   - Displays connected: no
<10:56:02>   - Suitable rendering device: no
<10:56:02> Loading Module CryRenderD3D11.dll...
<10:56:02> CRenderer sizeof(Vec2f16)=4 sizeof(Vec3f16)=8
<10:56:02> Initializing CryRenderD3D11 done, MemUsage=3568Kb
<10:56:02> Initializing Direct3D and creating game window:
<10:56:02> Direct3D driver is creating...
<10:56:02> Crytek Direct3D driver version 3.00 (Jun 16 2020 <01:44:08>)
<10:56:02> Creating window called 'BaseBlankProject' (32x32)
<10:56:02> D3D Adapter: Description: AMD Radeon(TM) Vega 8 Graphics
<10:56:02> D3D Adapter: Driver version (UMD): 26.20.12028.0002
<10:56:02> D3D Adapter: VendorId = 0x1002
<10:56:02> D3D Adapter: DeviceId = 0x15D8
<10:56:02> D3D Adapter: SubSysId = 0x380117AA
<10:56:02> D3D Adapter: Revision = 194
<10:56:02> AGS: AMD GPU Services API init ok (0)
<10:56:02> AGS: Catalyst Version: 19.20  Driver Version: 19.20-190816a-346830C
<10:56:02> AGS: Multi GPU count = 1
<10:56:02> D3D Detected: AMD video card
<10:56:02> Active GPUs: 1
<10:56:02> Using pixel texture formats:
<10:56:02>   R8G8B8A8S, mips, RT (blendable) (multi-sampled), sample, gather
<10:56:02>   R8G8B8A8, mips, sRGB, RT (blendable) (multi-sampled), sample, gather
<10:56:02>   A8, mips, RT (blendable) (multi-sampled), sample, gather
<10:56:02>   R8, mips, RT (blendable) (multi-sampled), sample, gather
<10:56:02>   R8S, mips, RT (blendable) (multi-sampled), sample, gather
<10:56:02>   R16, mips, RT (blendable) (multi-sampled), sample (comparable), gather (comparable)
<10:56:02>   R16S, mips, RT (blendable) (multi-sampled), sample, gather
<10:56:02>   R16F, mips, RT (blendable) (multi-sampled), sample, gather
<10:56:02>   R32F, mips, RT (blendable) (multi-sampled), sample (comparable), gather (comparable)
<10:56:02>   R8G8, mips, RT (blendable) (multi-sampled), sample, gather
<10:56:02>   R8G8S, mips, RT (blendable) (multi-sampled), sample, gather
<10:56:02>   R16G16, mips, RT (blendable) (multi-sampled), sample, gather
<10:56:02>   R16G16S, mips, RT (blendable) (multi-sampled), sample, gather
<10:56:02>   R16G16F, mips, RT (blendable) (multi-sampled), sample, gather
<10:56:02>   R32G32F, mips, RT (blendable) (multi-sampled), sample, gather
<10:56:02>   R11G11B10F, mips, RT (blendable) (multi-sampled), sample, gather
<10:56:02>   R10G10B10A2, mips, RT (blendable) (multi-sampled), sample, gather
<10:56:02>   R16G16B16A16, mips, RT (blendable) (multi-sampled), sample, gather
<10:56:02>   R16G16B16A16S, mips, RT (blendable) (multi-sampled), sample, gather
<10:56:02>   R16G16B16A16F, mips, RT (blendable) (multi-sampled), sample, gather
<10:56:02>   R32G32B32A32F, mips, RT (blendable) (multi-sampled), sample, gather
<10:56:02>   BC1, mips, sRGB, sample, gather
<10:56:02>   BC2, mips, sRGB, sample, gather
<10:56:02>   BC3, mips, sRGB, sample, gather
<10:56:02>   BC4, mips, sample, gather
<10:56:02>   BC4S, mips, sample, gather
<10:56:02>   BC5, mips, sample, gather
<10:56:02>   BC5S, mips, sample, gather
<10:56:02>   BC6UH, mips, sample, gather
<10:56:02>   BC6SH, mips, sample, gather
<10:56:02>   BC7, mips, sRGB, sample, gather
<10:56:02>   R9G9B9E5, mips, sample, gather
<10:56:02>   D32FS8 (R32G8T), mips, DS (multi-sampled)
<10:56:02>   D32F (R32T), mips, DS (multi-sampled)
<10:56:02>   D24S8 (R24G8T), mips, DS (multi-sampled)
<10:56:02>   D16 (R16T), mips, DS (multi-sampled)
<10:56:02>   B5G6R5, mips, RT (blendable) (multi-sampled), sample, gather
<10:56:02>   B5G5R5, mips, RT (blendable) (multi-sampled), sample, gather
<10:56:02>   B4G4R4A4, mips, RT (blendable) (multi-sampled), sample, gather
<10:56:02>   B8G8R8A8, mips, sRGB, RT (blendable) (multi-sampled), sample, gather
<10:56:02>   B8G8R8X8, mips, sRGB, RT (blendable) (multi-sampled), sample, gather
<10:56:02>  Renderer DepthBits: 24
<10:56:02> [Warning] NvAPI_SYS_GetDriverAndBranchVersion() failed with error code: -2
<10:56:02>  ****** CryRender InfoDump ******
<10:56:02>  Driver description: AMD Radeon(TM) Vega 8 Graphics
<10:56:02>  API Version: Direct3D 11.0
<10:56:02>  Feature level: D3D 11_1
<10:56:02>  Vertex Shaders version 5.1
<10:56:02>  Pixel Shaders version 5.1
<10:56:02>  Full stats: 
<10:56:02>  Rasterizer: Hardware
<10:56:02>  Current Resolution: 0x0x32 Windowed
<10:56:02>  Occlusion queries: Supported
<10:56:02>  Geometry instancing: Supported
<10:56:02>  NormalMaps compression : Supported
<10:56:02>  Gamma control: Software
<10:56:02>  Used GeomInstancingThreshold is 2
<10:56:02>  Shader model usage: 'SM.5.0'
<10:56:02>  *****************************************
<10:56:02>  
<10:56:02> Init Shaders
<10:56:02>  General shader quality: Medium
<10:56:02>  Metal shader quality: Medium
<10:56:02>  Glass shader quality: Medium
<10:56:02>  Vegetation shader quality: Medium
<10:56:02>  Ice shader quality: Medium
<10:56:02>  Terrain shader quality: Medium
<10:56:02>  Shadow shader quality: Medium
<10:56:02>  Water shader quality: Medium
<10:56:02>  FX shader quality: Medium
<10:56:02>  PostProcess shader quality: Medium
<10:56:02>  HDR shader quality: Medium
<10:56:02> Render quality: VeryHigh
<10:56:02> Init textures management (2032 Mb of video memory is available)...
<10:56:02>   Enabling of textures streaming...
<10:56:02>   Using 640 Mb of textures pool for streaming...
<10:56:02>   Video textures: Dynamic managed max size: 48 Mb
<10:56:02>   Finished initializing textures streaming...
<10:56:03> Initializing CryScaleformHelper done, MemUsage=0Kb
<10:56:03> Using Scaleform GFx 3.3.94
<10:56:03>   Using dynamic pool
<10:56:03> [Warning] <ThreadInfo>: Unable to find config for thread:GFxVideo_Decoder_2
<10:56:03> Font initialization
<10:56:03> Loading Module CryFont.dll...
<10:56:03> Using FreeType 2.5.5
<10:56:03> Initializing CryFont done, MemUsage=244Kb
<10:56:04> *** Init system render resources ***
<10:56:04> Loading Module CryNetwork.dll...
<10:56:04> [LagProfiles] Could not load "". 6 default profiles activated.
<10:56:04> [net] Socket IO management: External [iocp], Internal [iocp]
<10:56:04> network hostname: DESKTOP-5J09QC4
<10:56:04>   ip:192.168.0.240
<10:56:04> [Network Version]: PROFILE DEVELOPMENT BUILD
<10:56:04> Initializing CryNetwork done, MemUsage=1776Kb
<10:56:04> Loading Module CryMovie.dll...
<10:56:04> Initializing CryMovie done, MemUsage=536Kb
<10:56:04> Engine installed on drive: 
<10:56:04> Time initialization
<10:56:04> Input initialization
<10:56:04> Loading Module CryInput.dll...
<10:56:04> Initializing DirectInput

<10:56:04> Initializing Keyboard

<10:56:04> Input locale changed to 00000409
<10:56:04> Initializing mouse
<10:56:04> Initializing CryInput done, MemUsage=1020Kb
<10:56:04> Initializing Animation System
<10:56:04> Loading Module CryAnimation.dll...
<10:56:04> Initializing CryAnimation done, MemUsage=1788Kb
<10:56:04> Init 3D Engine
<10:56:04> Loading Module Cry3DEngine.dll...
<10:56:04> Sky light: Optical lookup tables loaded off disc.
<10:56:04> Initializing Cry3DEngine done, MemUsage=5552Kb
<10:56:04> Script System Initialization
<10:56:04> Loading Module CryScriptSystem.dll...
<10:56:04> [Warning] [Lua Error] Failed to load script file scripts/common.lua
<10:56:04> Initializing CryScriptSystem done, MemUsage=824Kb
<10:56:04> Schematyc initialization
<10:56:04> Loading Module CrySchematyc.dll...
<10:56:04> Initializing CrySchematyc done, MemUsage=1504Kb
<10:56:04> Entity system initialization
<10:56:04> Loading Module CryEntitySystem.dll...
<10:56:04> Initializing CryEntitySystem done, MemUsage=2064Kb
<10:56:04> LiveCreate initialization
<10:56:04> LiveCreateHost not created, using NULL implementation.
<10:56:04> Dynamic Response System initialization
<10:56:04> Loading Module CryDynamicResponseSystem.dll...
<10:56:04> Initializing CryDynamicResponseSystem done, MemUsage=636Kb
<10:56:04> Loading Module CryFlowGraph.dll...
<10:56:04> Successfully registered flownode 'AI:PerceptionState'
<10:56:04> Successfully registered flownode 'AI:EventListener'
<10:56:04> Initializing CryFlowGraph done, MemUsage=940Kb
<10:56:04> AI initialization
<10:56:04> Loading Module CryAISystem.dll...
<10:56:04> Initializing CryAISystem done, MemUsage=1560Kb
<10:56:04> Initializing AI System
<10:56:04> AI: [AISYSTEM] Initialization started.
<10:56:04> [Error] [CVARS]: [DUPLICATE] CXConsole::RegisterString(const char*): variable [ai_DebugDrawNavigationQueryListFilterByCaller] is already registered
<10:56:04> [Warning] XML reader: Can't open file (Scripts/AI/Navigation.xml)
<10:56:04> [Warning] AI: Failed to open XML file 'Scripts/AI/Navigation.xml'...
<10:56:04> [Warning] XML reader: Can't open file (Scripts/AI/Communication/CommunicationSystemConfiguration.xml)
<10:56:04> [Warning] AI: Failed to open XML file 'Scripts/AI/Communication/CommunicationSystemConfiguration.xml'...
<10:56:04> AI: [FactionMap] Failed to load factions from data source!
<10:56:04> [Warning] XML reader: Can't open file (Scripts/AI/lookup.xml)
<10:56:04> [Warning] [Lua Error] Failed to load script file scripts/ai/aiconfig.lua
<10:56:04> Registering CentralInterestManager with EntitySystem
<10:56:04> [Warning] XML reader: Can't open file (Libs/AITargetStimulusConfig.xml)
<10:56:04> [Warning] AI: CTargetTrackManager::Init() Warning: Failed to load configuration file 'Libs/AITargetStimulusConfig.xml'
<10:56:04> Modular behavior tree node 'Sequence' has a class size of 88 bytes.
<10:56:04> Modular behavior tree node 'Selector' has a class size of 88 bytes.
<10:56:04> Modular behavior tree node 'Priority' has a class size of 88 bytes.
<10:56:04> Modular behavior tree node 'Parallel' has a class size of 96 bytes.
<10:56:04> Modular behavior tree node 'Loop' has a class size of 88 bytes.
<10:56:04> Modular behavior tree node 'LoopUntilSuccess' has a class size of 88 bytes.
<10:56:04> Modular behavior tree node 'StateMachine' has a class size of 88 bytes.
<10:56:04> Modular behavior tree node 'SendTransitionEvent' has a class size of 96 bytes.
<10:56:04> Modular behavior tree node 'IfCondition' has a class size of 120 bytes.
<10:56:04> Modular behavior tree node 'AssertCondition' has a class size of 104 bytes.
<10:56:04> Modular behavior tree node 'Timeout' has a class size of 72 bytes.
<10:56:04> Modular behavior tree node 'IfTime' has a class size of 120 bytes.
<10:56:04> Modular behavior tree node 'Wait' has a class size of 72 bytes.
<10:56:04> Modular behavior tree node 'MonitorCondition' has a class size of 104 bytes.
<10:56:04> Modular behavior tree node 'WaitForEvent' has a class size of 104 bytes.
<10:56:04> Modular behavior tree node 'WaitUntilTime' has a class size of 104 bytes.
<10:56:04> Modular behavior tree node 'Fail' has a class size of 64 bytes.
<10:56:04> Modular behavior tree node 'RandomGate' has a class size of 88 bytes.
<10:56:04> Modular behavior tree node 'SendEvent' has a class size of 104 bytes.
<10:56:04> Modular behavior tree node 'SuppressFailure' has a class size of 80 bytes.
<10:56:04> Modular behavior tree node 'AssertTime' has a class size of 104 bytes.
<10:56:04> Modular behavior tree node 'Halt' has a class size of 64 bytes.
<10:56:04> Modular behavior tree node 'Log' has a class size of 72 bytes.
<10:56:04> Modular behavior tree node 'Breakpoint' has a class size of 64 bytes.
<10:56:04> Modular behavior tree node 'AimAroundWhileUsingAMachingGun' has a class size of 72 bytes.
<10:56:04> Modular behavior tree node 'AnimationTagWrapper' has a class size of 96 bytes.
<10:56:04> Modular behavior tree node 'CheckIfTargetCanBeReached' has a class size of 72 bytes.
<10:56:04> Modular behavior tree node 'GoalPipe' has a class size of 72 bytes.
<10:56:04> Modular behavior tree node 'LuaWrapper' has a class size of 112 bytes.
<10:56:04> Modular behavior tree node 'SmartObjectStatesWrapper' has a class size of 96 bytes.
<10:56:04> Modular behavior tree node 'ThrowGrenade' has a class size of 104 bytes.
<10:56:04> Modular behavior tree node 'TurnBody' has a class size of 88 bytes.
<10:56:04> Modular behavior tree node 'AdjustCoverStance' has a class size of 80 bytes.
<10:56:04> Modular behavior tree node 'Aim' has a class size of 80 bytes.
<10:56:04> Modular behavior tree node 'Animate' has a class size of 80 bytes.
<10:56:04> Modular behavior tree node 'AssertLua' has a class size of 616 bytes.
<10:56:04> Modular behavior tree node 'Bubble' has a class size of 88 bytes.
<10:56:04> Modular behavior tree node 'ClearTargets' has a class size of 64 bytes.
<10:56:04> Modular behavior tree node 'Communicate' has a class size of 112 bytes.
<10:56:04> Modular behavior tree node 'ExecuteLua' has a class size of 616 bytes.
<10:56:04> Modular behavior tree node 'GroupScope' has a class size of 96 bytes.
<10:56:04> Modular behavior tree node 'Look' has a class size of 72 bytes.
<10:56:04> Modular behavior tree node 'LuaBehavior' has a class size of 72 bytes.
<10:56:04> Modular behavior tree node 'LuaGate' has a class size of 632 bytes.
<10:56:04> Modular behavior tree node 'Move' has a class size of 264 bytes.
<10:56:04> Modular behavior tree node 'PullDownThreatLevel' has a class size of 64 bytes.
<10:56:04> Modular behavior tree node 'QueryTPS' has a class size of 80 bytes.
<10:56:04> Modular behavior tree node 'SendTransitionSignal' has a class size of 80 bytes.
<10:56:04> Modular behavior tree node 'SetAlertness' has a class size of 72 bytes.
<10:56:04> Modular behavior tree node 'Shoot' has a class size of 104 bytes.
<10:56:04> Modular behavior tree node 'ShootFromCover' has a class size of 80 bytes.
<10:56:04> Modular behavior tree node 'Signal' has a class size of 80 bytes.
<10:56:04> Modular behavior tree node 'Stance' has a class size of 80 bytes.
<10:56:04> Modular behavior tree node 'StopMovement' has a class size of 72 bytes.
<10:56:04> Modular behavior tree node 'Basic_MoveToPosition' has a class size of 248 bytes.
<10:56:04> Modular behavior tree node 'Basic_MoveToCover' has a class size of 248 bytes.
<10:56:04> AI: [AISYSTEM] Initialization finished.
<10:56:04> [Warning] XML reader: Can't open file (Scripts/AI/Cover.xml)
<10:56:04> [Warning] AI: Failed to open XML file 'Scripts/AI/Cover.xml'...
<10:56:04> Initializing additional systems
<10:56:04> Loading Module CryAction.dll...
<10:56:04> [Warning] XML reader: Can't open file (Libs/Levels/leveltypes.xml)
<10:56:04> [Warning] [Lua Error] Failed to load script file Scripts/Entities/Vehicles/VehicleSystem.lua
<10:56:04> [Warning] XML reader: Can't open file (Libs/Config/Profiles/default/attributes.xml)
<10:56:04> [Warning] [PlayerProfiles] PlayerProfileImplFS: Cannot load XML file 'Libs/Config/Profiles/default/attributes.xml'
<10:56:04> [Warning] XML reader: Can't open file (Libs/Config/Profiles/default/actionmaps.xml)
<10:56:04> [Warning] [PlayerProfiles] PlayerProfileImplFS: Cannot load XML file 'Libs/Config/Profiles/default/actionmaps.xml'
<10:56:04> [Warning] CPlayerProfile::SerializeXML: No attributes tag 'Attributes' found
<10:56:04> [Warning] [PlayerProfiles] Cannot load factory default profile 'default'
<10:56:04> [Warning] [PlayerProfiles] CCryAction::Init: Cannot initialize PlayerProfileManager
<10:56:04> [Warning] XML reader: Can't open file (Scripts/Network/StatsConfig.xml)
<10:56:04> Modular behavior tree node 'AnimateFragment' has a class size of 80 bytes.
<10:56:04> [Warning] [Lua Error] Failed to load script file Scripts/Entities/Vehicles/VehiclePartDetached.lua
<10:56:04> Ending game context...
<10:56:04> [Warning] XML reader: Can't open file (Libs/GameForceFeedback/ForceFeedbackEffects.xml)
<10:56:04> [Warning] [ForceFeedback System] Could not load force feedback system data. Invalid XML file 'Libs/GameForceFeedback/ForceFeedbackEffects.xml'! 
<10:56:04> [Warning] XML reader: Can't open file (Libs/MaterialEffects/SurfaceTypes.xml)
<10:56:04> Initializing default materials...
<10:56:04> [Warning] XML reader: Can't open file (materials/material_layers_default.mtl)
<10:56:04> [Warning] [Lua Error] Failed to load script file scripts/main.lua
<10:56:04> [Warning] [CScriptSystem::BeginCall] Function OnInit not found(check for syntax errors or if the file wasn't loaded)
<10:56:05> [Error] [Mono] System.Reflection.TargetInvocationException: Exception has been thrown by the target of an invocation. ---> System.MissingMethodException: void CryEngine.Game.PassableData..ctor()
  at (wrapper managed-to-native) System.Reflection.MonoCMethod.InternalInvoke(System.Reflection.MonoCMethod,object,object[],System.Exception&)
  at System.Reflection.MonoCMethod.InternalInvoke (System.Object obj, System.Object[] parameters) [0x00002] in <015934fc22b447f8a64cfcd71d6a204c>:0 
   --- End of inner exception stack trace ---
  at System.Reflection.MonoCMethod.InternalInvoke (System.Object obj, System.Object[] parameters) [0x00014] in <015934fc22b447f8a64cfcd71d6a204c>:0 
  at System.RuntimeType.CreateInstanceMono (System.Boolean nonPublic) [0x000a8] in <015934fc22b447f8a64cfcd71d6a204c>:0 
  at System.RuntimeType.CreateInstanceSlow (System.Boolean publicOnly, System.Boolean skipCheckThis, System.Boolean fillCache, System.Threading.StackCrawlMark& stackMark) [0x00009] in <015934fc22b447f8a64cfcd71d6a204c>:0 
  at System.RuntimeType.CreateInstanceDefaultCtor (System.Boolean publicOnly, System.Boolean skipCheckThis, System.Boolean fillCache, System.Threading.StackCrawlMark& stackMark) [0x00027] in <015934fc22b447f8a64cfcd71d6a204c>:0 
  at System.Activator.CreateInstance (System.Type type, System.Boolean nonPublic) [0x0002c] in <015934fc22b447f8a64cfcd71d6a204c>:0 
  at System.Activator.CreateInstance (System.Type type) [0x00000] in <015934fc22b447f8a64cfcd71d6a204c>:0 
  at CryEngine.EntityComponent.RegisterComponentProperties (CryEngine.EntityComponent+TypeInfo componentTypeInfo) [0x00000] in <f3c123b406b0432fa73f265245af9a8c>:0 
  at CryEngine.EntityComponent.TryRegister (System.Type entityComponentType) [0x0029d] in <f3c123b406b0432fa73f265245af9a8c>:0 
  at CryEngine.Engine.RegisterComponent (System.Type component, System.Collections.Generic.List`1[System.Type]& registeredTypes) [0x000b9] in <f3c123b406b0432fa73f265245af9a8c>:0 
  at CryEngine.Engine.ScanAssembly (System.Reflection.Assembly assembly) [0x00050] in <f3c123b406b0432fa73f265245af9a8c>:0 